#
# There is insufficient memory for the Java Runtime Environment to continue.
# Native memory allocation (mmap) failed to map 132120576 bytes. Error detail: G1 virtual space
# Possible reasons:
#   The system is out of physical RAM or swap space
#   This process is running with CompressedOops enabled, and the Java Heap may be blocking the growth of the native heap
# Possible solutions:
#   Reduce memory load on the system
#   Increase physical memory or swap space
#   Check if swap backing store is full
#   Decrease Java heap size (-Xmx/-Xms)
#   Decrease number of Java threads
#   Decrease Java thread stack sizes (-Xss)
#   Set larger code cache with -XX:ReservedCodeCacheSize=
#   JVM is running with Unscaled Compressed Oops mode in which the Java heap is
#     placed in the first 4GB address space. The Java Heap base address is the
#     maximum limit for the native heap growth. Please use -XX:HeapBaseMinAddress
#     to set the Java Heap base and to place the Java Heap above 4GB virtual address.
# This output file may be truncated or incomplete.
#
#  Out of Memory Error (os_windows.cpp:3613), pid=10768, tid=21380
#
# JRE version:  (17.0.11+9) (build )
# Java VM: OpenJDK 64-Bit Server VM (17.0.11+9-LTS, mixed mode, sharing, tiered, compressed oops, compressed class ptrs, g1 gc, windows-amd64)
# No core dump will be written. Minidumps are not enabled by default on client versions of Windows
#

---------------  S U M M A R Y ------------

Command Line: -javaagent:C:\Users\HOME\IntelliJ IDEA Community Edition 2024.1.1\lib\idea_rt.jar=63381:C:\Users\HOME\IntelliJ IDEA Community Edition 2024.1.1\bin -Dfile.encoding=UTF-8 FileDemo

Host: Intel(R) Core(TM) i5-10300H CPU @ 2.50GHz, 8 cores, 7G,  Windows 11 , 64 bit Build 22621 (10.0.22621.3527)
Time: Wed May 22 21:36:38 2024 SE Asia Standard Time elapsed time: 0.018085 seconds (0d 0h 0m 0s)

---------------  T H R E A D  ---------------

Current thread (0x0000023e7f96dd50):  JavaThread "Unknown thread" [_thread_in_vm, id=21380, stack(0x000000511d700000,0x000000511d800000)]

Stack: [0x000000511d700000,0x000000511d800000]
Native frames: (J=compiled Java code, j=interpreted, Vv=VM code, C=native code)
V  [jvm.dll+0x67d009]
V  [jvm.dll+0x83489a]
V  [jvm.dll+0x83635e]
V  [jvm.dll+0x8369c3]
V  [jvm.dll+0x2479df]
V  [jvm.dll+0x679e49]
V  [jvm.dll+0x66e8ba]
V  [jvm.dll+0x30755b]
V  [jvm.dll+0x30ea06]
V  [jvm.dll+0x35e40e]
V  [jvm.dll+0x35e63f]
V  [jvm.dll+0x2de298]
V  [jvm.dll+0x2df204]
V  [jvm.dll+0x806221]
V  [jvm.dll+0x36c161]
V  [jvm.dll+0x7e4c56]
V  [jvm.dll+0x3ef9cf]
V  [jvm.dll+0x3f1521]
C  [jli.dll+0x528f]
C  [ucrtbase.dll+0x29333]
C  [KERNEL32.DLL+0x1257d]
C  [ntdll.dll+0x5aa48]


---------------  P R O C E S S  ---------------

Threads class SMR info:
_java_thread_list=0x00007ffad51eeed8, length=0, elements={
}

Java Threads: ( => current thread )

Other Threads:
  0x0000023e7f9cac10 GCTaskThread "GC Thread#0" [stack: 0x000000511d800000,0x000000511d900000] [id=15828]
  0x0000023e7ebbe790 ConcurrentGCThread "G1 Main Marker" [stack: 0x000000511d900000,0x000000511da00000] [id=16480]
  0x0000023e7f9d7860 ConcurrentGCThread "G1 Conc#0" [stack: 0x000000511da00000,0x000000511db00000] [id=17060]

[error occurred during error reporting (printing all threads), id 0xc0000005, EXCEPTION_ACCESS_VIOLATION (0xc0000005) at pc=0x00007ffad49aecd7]

VM state: not at safepoint (not fully initialized)

VM Mutex/Monitor currently owned by a thread:  ([mutex/lock_event])
[0x0000023e7f969f40] Heap_lock - owner thread: 0x0000023e7f96dd50

Heap address: 0x0000000082800000, size: 2008 MB, Compressed Oops mode: 32-bit

CDS archive(s) mapped at: [0x0000000000000000-0x0000000000000000-0x0000000000000000), size 0, SharedBaseAddress: 0x0000000800000000, ArchiveRelocationMode: 1.
Narrow klass base: 0x0000000000000000, Narrow klass shift: 0, Narrow klass range: 0x0

GC Precious Log:
<Empty>

Heap:
 garbage-first heap   total 0K, used 0K [0x0000000082800000, 0x0000000100000000)
  region size 1024K, 0 young (0K), 0 survivors (0K)

[error occurred during error reporting (printing heap information), id 0xc0000005, EXCEPTION_ACCESS_VIOLATION (0xc0000005) at pc=0x00007ffad4d96d29]

GC Heap History (0 events):
No events

Dll operation events (1 events):
Event: 0.014 Loaded shared library C:\Users\HOME\.jdks\corretto-17.0.11\bin\java.dll

Deoptimization events (0 events):
No events

Classes unloaded (0 events):
No events

Classes redefined (0 events):
No events

Internal exceptions (0 events):
No events

VM Operations (0 events):
No events

Events (0 events):
No events


Dynamic libraries:
0x00007ff70aa80000 - 0x00007ff70aa8e000 	C:\Users\HOME\.jdks\corretto-17.0.11\bin\java.exe
0x00007ffb16710000 - 0x00007ffb16927000 	C:\WINDOWS\SYSTEM32\ntdll.dll
0x00007ffb14990000 - 0x00007ffb14a54000 	C:\WINDOWS\System32\KERNEL32.DLL
0x00007ffb13ba0000 - 0x00007ffb13f47000 	C:\WINDOWS\System32\KERNELBASE.dll
0x00007ffb14110000 - 0x00007ffb14221000 	C:\WINDOWS\System32\ucrtbase.dll
0x00007ffb0d4a0000 - 0x00007ffb0d4b7000 	C:\Users\HOME\.jdks\corretto-17.0.11\bin\jli.dll
0x00007ffb0eef0000 - 0x00007ffb0ef0b000 	C:\Users\HOME\.jdks\corretto-17.0.11\bin\VCRUNTIME140.dll
0x00007ffb15c50000 - 0x00007ffb15dfe000 	C:\WINDOWS\System32\USER32.dll
0x00007ffb13fc0000 - 0x00007ffb13fe6000 	C:\WINDOWS\System32\win32u.dll
0x00007ffafac70000 - 0x00007ffafaf03000 	C:\WINDOWS\WinSxS\amd64_microsoft.windows.common-controls_6595b64144ccf1df_6.0.22621.3527_none_270e469b73872a76\COMCTL32.dll
0x00007ffb14c10000 - 0x00007ffb14c39000 	C:\WINDOWS\System32\GDI32.dll
0x00007ffb14440000 - 0x00007ffb144e7000 	C:\WINDOWS\System32\msvcrt.dll
0x00007ffb13ff0000 - 0x00007ffb14109000 	C:\WINDOWS\System32\gdi32full.dll
0x00007ffb14320000 - 0x00007ffb143ba000 	C:\WINDOWS\System32\msvcp_win.dll
0x00007ffb14610000 - 0x00007ffb14641000 	C:\WINDOWS\System32\IMM32.DLL
0x00007ffb0ef60000 - 0x00007ffb0ef6c000 	C:\Users\HOME\.jdks\corretto-17.0.11\bin\vcruntime140_1.dll
0x00007ffafc400000 - 0x00007ffafc48d000 	C:\Users\HOME\.jdks\corretto-17.0.11\bin\msvcp140.dll
0x00007ffad46c0000 - 0x00007ffad5322000 	C:\Users\HOME\.jdks\corretto-17.0.11\bin\server\jvm.dll
0x00007ffb16190000 - 0x00007ffb16242000 	C:\WINDOWS\System32\ADVAPI32.dll
0x00007ffb165b0000 - 0x00007ffb16658000 	C:\WINDOWS\System32\sechost.dll
0x00007ffb14230000 - 0x00007ffb14258000 	C:\WINDOWS\System32\bcrypt.dll
0x00007ffb14ae0000 - 0x00007ffb14bf5000 	C:\WINDOWS\System32\RPCRT4.dll
0x00007ffb128b0000 - 0x00007ffb128fd000 	C:\WINDOWS\SYSTEM32\POWRPROF.dll
0x00007ffb0c690000 - 0x00007ffb0c69a000 	C:\WINDOWS\SYSTEM32\VERSION.dll
0x00007ffb0bde0000 - 0x00007ffb0be14000 	C:\WINDOWS\SYSTEM32\WINMM.dll
0x00007ffb01800000 - 0x00007ffb01809000 	C:\WINDOWS\SYSTEM32\WSOCK32.dll
0x00007ffb15b40000 - 0x00007ffb15bb1000 	C:\WINDOWS\System32\WS2_32.dll
0x00007ffb12890000 - 0x00007ffb128a3000 	C:\WINDOWS\SYSTEM32\UMPDC.dll
0x00007ffb12b40000 - 0x00007ffb12b58000 	C:\WINDOWS\SYSTEM32\kernel.appcore.dll
0x00007ffb0eeb0000 - 0x00007ffb0eeba000 	C:\Users\HOME\.jdks\corretto-17.0.11\bin\jimage.dll
0x00007ffb11360000 - 0x00007ffb11592000 	C:\WINDOWS\SYSTEM32\DBGHELP.DLL
0x00007ffb15e00000 - 0x00007ffb16188000 	C:\WINDOWS\System32\combase.dll
0x00007ffb14880000 - 0x00007ffb14957000 	C:\WINDOWS\System32\OLEAUT32.dll
0x00007ffae6ef0000 - 0x00007ffae6f22000 	C:\WINDOWS\SYSTEM32\dbgcore.DLL
0x00007ffb143c0000 - 0x00007ffb14439000 	C:\WINDOWS\System32\bcryptPrimitives.dll
0x00007ffb0ee60000 - 0x00007ffb0ee6e000 	C:\Users\HOME\.jdks\corretto-17.0.11\bin\instrument.dll
0x00007ffb0b5c0000 - 0x00007ffb0b5e5000 	C:\Users\HOME\.jdks\corretto-17.0.11\bin\java.dll

dbghelp: loaded successfully - version: 4.0.5 - missing functions: none
symbol engine: initialized successfully - sym options: 0x614 - pdb path: .;C:\Users\HOME\.jdks\corretto-17.0.11\bin;C:\WINDOWS\SYSTEM32;C:\WINDOWS\WinSxS\amd64_microsoft.windows.common-controls_6595b64144ccf1df_6.0.22621.3527_none_270e469b73872a76;C:\Users\HOME\.jdks\corretto-17.0.11\bin\server

VM Arguments:
jvm_args: -javaagent:C:\Users\HOME\IntelliJ IDEA Community Edition 2024.1.1\lib\idea_rt.jar=63381:C:\Users\HOME\IntelliJ IDEA Community Edition 2024.1.1\bin -Dfile.encoding=UTF-8 
java_command: FileDemo
java_class_path (initial): D:\VTI\Railway85\Java Core\java_core_85\target\classes
Launcher Type: SUN_STANDARD

[Global flags]
     intx CICompilerCount                          = 4                                         {product} {ergonomic}
     uint ConcGCThreads                            = 2                                         {product} {ergonomic}
     uint G1ConcRefinementThreads                  = 8                                         {product} {ergonomic}
   size_t G1HeapRegionSize                         = 1048576                                   {product} {ergonomic}
    uintx GCDrainStackTargetSize                   = 64                                        {product} {ergonomic}
   size_t InitialHeapSize                          = 132120576                                 {product} {ergonomic}
   size_t MarkStackSize                            = 4194304                                   {product} {ergonomic}
   size_t MaxHeapSize                              = 2105540608                                {product} {ergonomic}
   size_t MinHeapDeltaBytes                        = 1048576                                   {product} {ergonomic}
   size_t MinHeapSize                              = 8388608                                   {product} {ergonomic}
    uintx NonNMethodCodeHeapSize                   = 5839372                                {pd product} {ergonomic}
    uintx NonProfiledCodeHeapSize                  = 122909434                              {pd product} {ergonomic}
    uintx ProfiledCodeHeapSize                     = 122909434                              {pd product} {ergonomic}
    uintx ReservedCodeCacheSize                    = 251658240                              {pd product} {ergonomic}
     bool SegmentedCodeCache                       = true                                      {product} {ergonomic}
   size_t SoftMaxHeapSize                          = 2105540608                             {manageable} {ergonomic}
     bool UseCompressedClassPointers               = true                           {product lp64_product} {ergonomic}
     bool UseCompressedOops                        = true                           {product lp64_product} {ergonomic}
     bool UseG1GC                                  = true                                      {product} {ergonomic}
     bool UseLargePagesIndividualAllocation        = false                                  {pd product} {ergonomic}

Logging:
Log output configuration:
 #0: stdout all=warning uptime,level,tags
 #1: stderr all=off uptime,level,tags

Environment Variables:
PATH=C:\Program Files (x86)\VMware\VMware Workstation\bin\;C:\Windows\system32;C:\Windows;C:\Windows\System32\Wbem;C:\Windows\System32\WindowsPowerShell\v1.0\;C:\Windows\System32\OpenSSH\;C:\WINDOWS\system32;C:\WINDOWS;C:\WINDOWS\System32\Wbem;C:\WINDOWS\System32\WindowsPowerShell\v1.0\;C:\WINDOWS\System32\OpenSSH\;C:\TDM-GCC-64\bin;D:\PHAN MEM\bin;C:\Program Files\nodejs\;D:\Java\Git\cmd;C:\Users\HOME\AppData\Local\Microsoft\WindowsApps;C:\xampp\php;C:\Users\HOME\AppData\Local\Programs\Microsoft VS Code\bin;C:\Program Files\Git\bin\;C:\Program Files\Git\cmd\;;C:\Program Files\JetBrains\IntelliJ IDEA Community Edition 2023.3.1\bin;;C:\Users\HOME\AppData\Roaming\npm
USERNAME=HOME
OS=Windows_NT
PROCESSOR_IDENTIFIER=Intel64 Family 6 Model 165 Stepping 2, GenuineIntel
TMP=C:\Users\HOME\AppData\Local\Temp
TEMP=C:\Users\HOME\AppData\Local\Temp



Periodic native trim disabled


---------------  S Y S T E M  ---------------

OS:
 Windows 11 , 64 bit Build 22621 (10.0.22621.3527)
OS uptime: 5 days 9:48 hours

CPU: total 8 (initial active 8) (4 cores per cpu, 2 threads per core) family 6 model 165 stepping 2 microcode 0xe0, cx8, cmov, fxsr, ht, mmx, 3dnowpref, sse, sse2, sse3, ssse3, sse4.1, sse4.2, popcnt, lzcnt, tsc, tscinvbit, avx, avx2, aes, erms, clmul, bmi1, bmi2, adx, fma, vzeroupper, clflush, clflushopt
Processor Information for all 8 processors :
  Max Mhz: 2496, Current Mhz: 2496, Mhz Limit: 2496

Memory: 4k page, system-wide physical 8029M (892M free)
TotalPageFile size 12125M (AvailPageFile size 15M)
current process WorkingSet (physical memory assigned to process): 11M, peak: 11M
current process commit charge ("private bytes"): 60M, peak: 186M

vm_info: OpenJDK 64-Bit Server VM (17.0.11+9-LTS) for windows-amd64 JRE (17.0.11+9-LTS), built on Apr 10 2024 22:12:24 by "Administrator" with MS VC++ 16.10 / 16.11 (VS2019)

END.
